<?xml version="1.0" encoding="UTF-8"?>
<!-- Generated by org.testng.reporters.JUnitReportReporter -->
<testsuite skipped="0" hostname="DinhNK" name="demo.PostTest" tests="1" failures="0" timestamp="23 Oct 2019 07:55:06 GMT" time="21.246" errors="0">
  <testcase name="Can_Create_A_Basic_Post" time="21.246" classname="demo.PostTest"/>
</testsuite> <!-- demo.PostTest -->
