<?xml version="1.0" encoding="UTF-8"?>
<!-- Generated by org.testng.reporters.JUnitReportReporter -->
<testsuite skipped="0" hostname="DinhNK" name="demo.PageTest" tests="1" failures="0" timestamp="23 Oct 2019 07:55:06 GMT" time="2.646" errors="0">
  <testcase name="Can_Go_To_Edit_Page" time="2.646" classname="demo.PageTest"/>
</testsuite> <!-- demo.PageTest -->
