<?xml version="1.0" encoding="UTF-8"?>
<!-- Generated by org.testng.reporters.JUnitReportReporter -->
<testsuite skipped="0" hostname="DinhNK" name="demo.AllPostTest" tests="2" failures="0" timestamp="23 Oct 2019 07:55:06 GMT" time="83.417" errors="0">
  <testcase name="add_post_show_up" time="43.673" classname="demo.AllPostTest"/>
  <testcase name="can_search_posts" time="39.744" classname="demo.AllPostTest"/>
</testsuite> <!-- demo.AllPostTest -->
