<?xml version="1.0" encoding="UTF-8"?>
<!-- Generated by org.testng.reporters.JUnitReportReporter -->
<testsuite skipped="0" hostname="DinhNK" name="demo.UnitTest" tests="2" failures="0" timestamp="22 Oct 2019 09:22:33 GMT" time="5.015" errors="0">
  <testcase name="canGoToHomePage" time="4.231" classname="demo.UnitTest"/>
  <testcase name="canGoToJavaPathPage" time="0.784" classname="demo.UnitTest"/>
</testsuite> <!-- demo.UnitTest -->
