<?xml version="1.0" encoding="UTF-8"?>
<!-- Generated by org.testng.reporters.JUnitReportReporter -->
<testsuite skipped="0" hostname="DinhNK" name="demo.LoginTest" tests="1" failures="0" timestamp="22 Oct 2019 09:22:33 GMT" time="3.877" errors="0">
  <testcase name="Admin_User_Can_Login" time="3.877" classname="demo.LoginTest"/>
</testsuite> <!-- demo.LoginTest -->
