<?xml version="1.0" encoding="UTF-8"?>
<!-- Generated by org.testng.reporters.JUnitReportReporter -->
<testsuite skipped="0" hostname="DinhNK" name="demo.PageTest" tests="1" failures="0" timestamp="22 Oct 2019 09:22:33 GMT" time="3.208" errors="0">
  <testcase name="Can_Go_To_Edit_Page" time="3.208" classname="demo.PageTest"/>
</testsuite> <!-- demo.PageTest -->
