<?xml version="1.0" encoding="UTF-8"?>
<!-- Generated by org.testng.reporters.JUnitReportReporter -->
<testsuite skipped="0" hostname="DinhNK" name="demo.PostTest" tests="1" failures="0" timestamp="22 Oct 2019 09:22:33 GMT" time="21.913" errors="0">
  <testcase name="Can_Create_A_Basic_Post" time="21.913" classname="demo.PostTest"/>
</testsuite> <!-- demo.PostTest -->
